\BOOKMARK [1][-]{section.1}{\376\377\000P\000r\000o\000j\000e\000c\000t\000\040\000D\000i\000r\000e\000c\000t\000o\000r\000y\000\040\000T\000r\000e\000e}{}% 1
\BOOKMARK [1][-]{section.2}{\376\377\000R\000E\000A\000D\000M\000E\000.\000m\000d}{}% 2
\BOOKMARK [1][-]{section.3}{\376\377\000a\000g\000e\000n\000t\000.\000m\000d}{}% 3
\BOOKMARK [1][-]{section.4}{\376\377\000d\000e\000v\000r\000e\000f\000.\000m\000d}{}% 4
\BOOKMARK [1][-]{section.5}{\376\377\000d\000i\000a\000g\000r\000a\000m\000s\000.\000m\000d}{}% 5
\BOOKMARK [1][-]{section.6}{\376\377\000t\000o\000g\000g\000l\000e\000.\000s\000h}{}% 6
\BOOKMARK [1][-]{section.7}{\376\377\000r\000e\000c\000o\000v\000e\000r\000.\000s\000h}{}% 7
\BOOKMARK [1][-]{section.8}{\376\377\000s\000e\000t\000u\000p\000.\000s\000h}{}% 8
\BOOKMARK [1][-]{section.9}{\376\377\000s\000c\000r\000i\000p\000t\000s\000/\000t\000o\000g\000g\000l\000e\000-\000l\000i\000n\000u\000x\000.\000s\000h}{}% 9
\BOOKMARK [1][-]{section.10}{\376\377\000s\000c\000r\000i\000p\000t\000s\000/\000r\000e\000c\000o\000v\000e\000r\000-\000l\000i\000n\000u\000x\000.\000s\000h}{}% 10
\BOOKMARK [1][-]{section.11}{\376\377\000s\000c\000r\000i\000p\000t\000s\000/\000s\000e\000t\000u\000p\000-\000l\000i\000n\000u\000x\000.\000s\000h}{}% 11
\BOOKMARK [1][-]{section.12}{\376\377\000d\000o\000c\000k\000e\000r\000-\000c\000o\000m\000p\000o\000s\000e\000.\000y\000m\000l}{}% 12
\BOOKMARK [1][-]{section.13}{\376\377\000s\000c\000r\000i\000p\000t\000s\000/\000c\000o\000m\000m\000o\000n\000.\000s\000h}{}% 13
\BOOKMARK [1][-]{section.14}{\376\377\000s\000c\000r\000i\000p\000t\000s\000/\000w\000a\000t\000c\000h\000e\000r\000.\000s\000h}{}% 14
\BOOKMARK [1][-]{section.15}{\376\377\000s\000c\000r\000i\000p\000t\000s\000/\000c\000r\000y\000p\000t\000o\000.\000s\000h}{}% 15
\BOOKMARK [1][-]{section.16}{\376\377\000.\000a\000i\000i\000g\000n\000o\000r\000e}{}% 16
\BOOKMARK [1][-]{section.17}{\376\377\000.\000g\000i\000t\000i\000g\000n\000o\000r\000e}{}% 17
\BOOKMARK [1][-]{section.18}{\376\377\000.\000h\000o\000s\000t\000\137\000i\000p\000s}{}% 18
\BOOKMARK [1][-]{section.19}{\376\377\000R\000e\000c\000o\000v\000e\000r\000-\000G\000a\000t\000e\000w\000a\000y\000.\000a\000p\000p\000l\000e\000s\000c\000r\000i\000p\000t}{}% 19
\BOOKMARK [1][-]{section.20}{\376\377\000T\000o\000g\000g\000l\000e\000-\000G\000a\000t\000e\000w\000a\000y\000.\000a\000p\000p\000l\000e\000s\000c\000r\000i\000p\000t}{}% 20
\BOOKMARK [1][-]{section.21}{\376\377\000b\000e\000n\000c\000h\000m\000a\000r\000k\000s\000/\000b\000e\000n\000c\000h\000m\000a\000r\000k\000.\000s\000h}{}% 21
\BOOKMARK [1][-]{section.22}{\376\377\000b\000e\000n\000c\000h\000m\000a\000r\000k\000s\000/\000t\000e\000s\000t\000\137\000l\000o\000a\000d\000.\000p\000y}{}% 22
\BOOKMARK [1][-]{section.23}{\376\377\000b\000l\000a\000c\000k\000\137\000l\000i\000s\000t\000.\000t\000x\000t}{}% 23
\BOOKMARK [1][-]{section.24}{\376\377\000c\000l\000o\000u\000d\000-\000i\000n\000i\000t\000.\000y\000a\000m\000l}{}% 24
\BOOKMARK [1][-]{section.25}{\376\377\000d\000o\000c\000k\000e\000r\000/\000t\000o\000r\000/\000D\000o\000c\000k\000e\000r\000f\000i\000l\000e}{}% 25
\BOOKMARK [1][-]{section.26}{\376\377\000d\000o\000c\000k\000e\000r\000/\000t\000o\000r\000/\000e\000n\000t\000r\000y\000p\000o\000i\000n\000t\000.\000s\000h}{}% 26
\BOOKMARK [1][-]{section.27}{\376\377\000l\000a\000u\000n\000c\000h\000d\000/\000c\000o\000m\000.\000n\000u\000l\000l\000e\000x\000i\000t\000.\000w\000a\000k\000e\000-\000r\000e\000c\000o\000v\000e\000r\000y\000.\000p\000l\000i\000s\000t}{}% 27
\BOOKMARK [1][-]{section.28}{\376\377\000p\000o\000s\000t\000-\000r\000u\000l\000e\000s\000.\000t\000x\000t}{}% 28
\BOOKMARK [1][-]{section.29}{\376\377\000s\000c\000r\000i\000p\000t\000s\000/\000D\000o\000c\000k\000e\000r\000f\000i\000l\000e\000.\000r\000o\000u\000t\000i\000n\000g\000-\000f\000i\000x}{}% 29
\BOOKMARK [1][-]{section.30}{\376\377\000s\000c\000r\000i\000p\000t\000s\000/\000D\000o\000c\000k\000e\000r\000f\000i\000l\000e\000.\000r\000u\000l\000e\000-\000c\000o\000m\000p\000i\000l\000e\000r}{}% 30
\BOOKMARK [1][-]{section.31}{\376\377\0